#
# There is insufficient memory for the Java Runtime Environment to continue.
# Native memory allocation (malloc) failed to allocate 155424 bytes for Chunk::new
# Possible reasons:
#   The system is out of physical RAM or swap space
#   The process is running with CompressedOops enabled, and the Java Heap may be blocking the growth of the native heap
# Possible solutions:
#   Reduce memory load on the system
#   Increase physical memory or swap space
#   Check if swap backing store is full
#   Decrease Java heap size (-Xmx/-Xms)
#   Decrease number of Java threads
#   Decrease Java thread stack sizes (-Xss)
#   Set larger code cache with -XX:ReservedCodeCacheSize=
#   JVM is running with Zero Based Compressed Oops mode in which the Java heap is
#     placed in the first 32GB address space. The Java Heap base address is the
#     maximum limit for the native heap growth. Please use -XX:HeapBaseMinAddress
#     to set the Java Heap base and to place the Java Heap above 32GB virtual address.
# This output file may be truncated or incomplete.
#
#  Out of Memory Error (arena.cpp:191), pid=14408, tid=2608
#
# JRE version: OpenJDK Runtime Environment Temurin-17.0.10+7 (17.0.10+7) (build 17.0.10+7)
# Java VM: OpenJDK 64-Bit Server VM Temurin-17.0.10+7 (17.0.10+7, mixed mode, tiered, compressed oops, compressed class ptrs, g1 gc, windows-amd64)
# No core dump will be written. Minidumps are not enabled by default on client versions of Windows
#

---------------  S U M M A R Y ------------

Command Line: -XX:+ShowCodeDetailsInExceptionMessages com.bits.bits.Application

Host: Intel(R) Core(TM) i7-8565U CPU @ 1.80GHz, 8 cores, 15G,  Windows 10 , 64 bit Build 19041 (10.0.19041.3636)
Time: Fri Mar 15 03:52:15 2024 Hora oficial do Brasil elapsed time: 19617.761340 seconds (0d 5h 26m 57s)

---------------  T H R E A D  ---------------

Current thread (0x000001fcff52d030):  JavaThread "C2 CompilerThread0" daemon [_thread_in_native, id=2608, stack(0x000000dd61a00000,0x000000dd61b00000)]


Current CompileTask:
C2:19617765 7291       4       java.util.concurrent.ConcurrentHashMap$CollectionView::toArray (204 bytes)

Stack: [0x000000dd61a00000,0x000000dd61b00000]
Native frames: (J=compiled Java code, j=interpreted, Vv=VM code, C=native code)
V  [jvm.dll+0x67d2c9]
V  [jvm.dll+0x834afa]
V  [jvm.dll+0x8365be]
V  [jvm.dll+0x836c23]
V  [jvm.dll+0x2477ff]
V  [jvm.dll+0xac514]
V  [jvm.dll+0xacb5c]
V  [jvm.dll+0x3667d7]
V  [jvm.dll+0x1bcc06]
V  [jvm.dll+0x21a049]
V  [jvm.dll+0x219311]
V  [jvm.dll+0x1a502d]
V  [jvm.dll+0x2290de]
V  [jvm.dll+0x2272ac]
V  [jvm.dll+0x7e9bb7]
V  [jvm.dll+0x7e3fba]
V  [jvm.dll+0x67c1b5]
C  [ucrtbase.dll+0x21bb2]
C  [KERNEL32.DLL+0x17344]
C  [ntdll.dll+0x526b1]


---------------  P R O C E S S  ---------------

Threads class SMR info:
_java_thread_list=0x000001fc8a2180a0, length=30, elements={
0x000001fcff4cd380, 0x000001fcff4ce000, 0x000001fcff4fb800, 0x000001fcff4fc0d0,
0x000001fcff4fc9a0, 0x000001fcff4fd270, 0x000001fcff52d030, 0x000001fcff52d9f0,
0x000001fcff530af0, 0x000001fcff66c0d0, 0x000001fcff67b2d0, 0x000001fc87c06ed0,
0x000001fc87c08310, 0x000001fc87c05070, 0x000001fc87c05580, 0x000001fc87c073e0,
0x000001fc87c08820, 0x000001fc87c078f0, 0x000001fc892e0170, 0x000001fc892dc4b0,
0x000001fc892e0680, 0x000001fc892e24e0, 0x000001fc892dced0, 0x000001fc892e10a0,
0x000001fc892e15b0, 0x000001fc892e29f0, 0x000001fc892de820, 0x000001fc892e1ac0,
0x000001fc892dba90, 0x000001fc892dc9c0
}

Java Threads: ( => current thread )
  0x000001fcff4cd380 JavaThread "Reference Handler" daemon [_thread_blocked, id=17420, stack(0x000000dd61400000,0x000000dd61500000)]
  0x000001fcff4ce000 JavaThread "Finalizer" daemon [_thread_blocked, id=18616, stack(0x000000dd61500000,0x000000dd61600000)]
  0x000001fcff4fb800 JavaThread "Signal Dispatcher" daemon [_thread_blocked, id=4040, stack(0x000000dd61600000,0x000000dd61700000)]
  0x000001fcff4fc0d0 JavaThread "Attach Listener" daemon [_thread_blocked, id=16852, stack(0x000000dd61700000,0x000000dd61800000)]
  0x000001fcff4fc9a0 JavaThread "Service Thread" daemon [_thread_blocked, id=18012, stack(0x000000dd61800000,0x000000dd61900000)]
  0x000001fcff4fd270 JavaThread "Monitor Deflation Thread" daemon [_thread_blocked, id=12340, stack(0x000000dd61900000,0x000000dd61a00000)]
=>0x000001fcff52d030 JavaThread "C2 CompilerThread0" daemon [_thread_in_native, id=2608, stack(0x000000dd61a00000,0x000000dd61b00000)]
  0x000001fcff52d9f0 JavaThread "C1 CompilerThread0" daemon [_thread_blocked, id=19888, stack(0x000000dd61b00000,0x000000dd61c00000)]
  0x000001fcff530af0 JavaThread "Sweeper thread" daemon [_thread_blocked, id=1444, stack(0x000000dd61c00000,0x000000dd61d00000)]
  0x000001fcff66c0d0 JavaThread "Notification Thread" daemon [_thread_blocked, id=12704, stack(0x000000dd61d00000,0x000000dd61e00000)]
  0x000001fcff67b2d0 JavaThread "Common-Cleaner" daemon [_thread_blocked, id=1028, stack(0x000000dd61f00000,0x000000dd62000000)]
  0x000001fc87c06ed0 JavaThread "FourBits housekeeper" daemon [_thread_blocked, id=11392, stack(0x000000dd62800000,0x000000dd62900000)]
  0x000001fc87c08310 JavaThread "Catalina-utility-1" [_thread_blocked, id=10904, stack(0x000000dd62f00000,0x000000dd63000000)]
  0x000001fc87c05070 JavaThread "Catalina-utility-2" [_thread_blocked, id=4544, stack(0x000000dd63000000,0x000000dd63100000)]
  0x000001fc87c05580 JavaThread "container-0" [_thread_blocked, id=9036, stack(0x000000dd63100000,0x000000dd63200000)]
  0x000001fc87c073e0 JavaThread "File Watcher" daemon [_thread_blocked, id=13416, stack(0x000000dd62e00000,0x000000dd62f00000)]
  0x000001fc87c08820 JavaThread "Live Reload Server" daemon [_thread_in_native, id=19768, stack(0x000000dd63300000,0x000000dd63400000)]
  0x000001fc87c078f0 JavaThread "http-nio-8080-exec-1" daemon [_thread_blocked, id=17792, stack(0x000000dd63200000,0x000000dd63300000)]
  0x000001fc892e0170 JavaThread "http-nio-8080-exec-2" daemon [_thread_blocked, id=12540, stack(0x000000dd63400000,0x000000dd63500000)]
  0x000001fc892dc4b0 JavaThread "http-nio-8080-exec-3" daemon [_thread_blocked, id=5960, stack(0x000000dd63500000,0x000000dd63600000)]
  0x000001fc892e0680 JavaThread "http-nio-8080-exec-4" daemon [_thread_blocked, id=19972, stack(0x000000dd63600000,0x000000dd63700000)]
  0x000001fc892e24e0 JavaThread "http-nio-8080-exec-5" daemon [_thread_blocked, id=19212, stack(0x000000dd63700000,0x000000dd63800000)]
  0x000001fc892dced0 JavaThread "http-nio-8080-exec-6" daemon [_thread_blocked, id=20072, stack(0x000000dd63800000,0x000000dd63900000)]
  0x000001fc892e10a0 JavaThread "http-nio-8080-exec-7" daemon [_thread_blocked, id=11456, stack(0x000000dd63900000,0x000000dd63a00000)]
  0x000001fc892e15b0 JavaThread "http-nio-8080-exec-8" daemon [_thread_blocked, id=19600, stack(0x000000dd63a00000,0x000000dd63b00000)]
  0x000001fc892e29f0 JavaThread "http-nio-8080-exec-9" daemon [_thread_blocked, id=11716, stack(0x000000dd63b00000,0x000000dd63c00000)]
  0x000001fc892de820 JavaThread "http-nio-8080-exec-10" daemon [_thread_blocked, id=15136, stack(0x000000dd63c00000,0x000000dd63d00000)]
  0x000001fc892e1ac0 JavaThread "http-nio-8080-Poller" daemon [_thread_in_native, id=15296, stack(0x000000dd63d00000,0x000000dd63e00000)]
  0x000001fc892dba90 JavaThread "http-nio-8080-Acceptor" daemon [_thread_in_native, id=17004, stack(0x000000dd63e00000,0x000000dd63f00000)]
  0x000001fc892dc9c0 JavaThread "DestroyJavaVM" [_thread_blocked, id=20104, stack(0x000000dd60d00000,0x000000dd60e00000)]

Other Threads:
  0x000001fcff46ec30 VMThread "VM Thread" [stack: 0x000000dd61300000,0x000000dd61400000] [id=15276]
  0x000001fcff66e5c0 WatcherThread [stack: 0x000000dd61e00000,0x000000dd61f00000] [id=10180]
  0x000001fce33cc0a0 GCTaskThread "GC Thread#0" [stack: 0x000000dd60e00000,0x000000dd60f00000] [id=1692]
  0x000001fc865e1d10 GCTaskThread "GC Thread#1" [stack: 0x000000dd62300000,0x000000dd62400000] [id=19756]
  0x000001fc86a757d0 GCTaskThread "GC Thread#2" [stack: 0x000000dd62400000,0x000000dd62500000] [id=14828]
  0x000001fc86a75e90 GCTaskThread "GC Thread#3" [stack: 0x000000dd62500000,0x000000dd62600000] [id=12464]
  0x000001fc86a76150 GCTaskThread "GC Thread#4" [stack: 0x000000dd62600000,0x000000dd62700000] [id=12668]
  0x000001fc86a76410 GCTaskThread "GC Thread#5" [stack: 0x000000dd62700000,0x000000dd62800000] [id=16012]
  0x000001fc86d990b0 GCTaskThread "GC Thread#6" [stack: 0x000000dd62900000,0x000000dd62a00000] [id=20088]
  0x000001fc86e032e0 GCTaskThread "GC Thread#7" [stack: 0x000000dd62a00000,0x000000dd62b00000] [id=15256]
  0x000001fce33dcd90 ConcurrentGCThread "G1 Main Marker" [stack: 0x000000dd60f00000,0x000000dd61000000] [id=19808]
  0x000001fce33dde50 ConcurrentGCThread "G1 Conc#0" [stack: 0x000000dd61000000,0x000000dd61100000] [id=11020]
  0x000001fc86f70bd0 ConcurrentGCThread "G1 Conc#1" [stack: 0x000000dd62b00000,0x000000dd62c00000] [id=15660]
  0x000001fce340eaa0 ConcurrentGCThread "G1 Refine#0" [stack: 0x000000dd61100000,0x000000dd61200000] [id=6048]
  0x000001fc89342e60 ConcurrentGCThread "G1 Refine#1" [stack: 0x000000dd62c00000,0x000000dd62d00000] [id=1584]
  0x000001fcff318710 ConcurrentGCThread "G1 Service" [stack: 0x000000dd61200000,0x000000dd61300000] [id=10628]

Threads with active compile tasks:
C2 CompilerThread0  19618289 7291       4       java.util.concurrent.ConcurrentHashMap$CollectionView::toArray (204 bytes)

VM state: not at safepoint (normal execution)

VM Mutex/Monitor currently owned by a thread: None

Heap address: 0x0000000702200000, size: 4062 MB, Compressed Oops mode: Zero based, Oop shift amount: 3

CDS archive(s) not mapped
Compressed class space mapped at: 0x0000000800000000-0x0000000840000000, reserved size: 1073741824
Narrow klass base: 0x0000000800000000, Narrow klass shift: 0, Narrow klass range: 0x40000000

GC Precious Log:
 CPUs: 8 total, 8 available
 Memory: 16242M
 Large Page Support: Disabled
 NUMA Support: Disabled
 Compressed Oops: Enabled (Zero based)
 Heap Region Size: 2M
 Heap Min Capacity: 8M
 Heap Initial Capacity: 254M
 Heap Max Capacity: 4062M
 Pre-touch: Disabled
 Parallel Workers: 8
 Concurrent Workers: 2
 Concurrent Refinement Workers: 8
 Periodic GC: Disabled

Heap:
 garbage-first heap   total 96256K, used 61297K [0x0000000702200000, 0x0000000800000000)
  region size 2048K, 16 young (32768K), 1 survivors (2048K)
 Metaspace       used 81531K, committed 82176K, reserved 1179648K
  class space    used 10886K, committed 11200K, reserved 1048576K

Heap Regions: E=young(eden), S=young(survivor), O=old, HS=humongous(starts), HC=humongous(continues), CS=collection set, F=free, OA=open archive, CA=closed archive, TAMS=top-at-mark-start (previous, next)
|   0|0x0000000702200000, 0x0000000702400000, 0x0000000702400000|100%| O|  |TAMS 0x0000000702400000, 0x0000000702200000| Untracked 
|   1|0x0000000702400000, 0x0000000702600000, 0x0000000702600000|100%| O|  |TAMS 0x0000000702600000, 0x0000000702400000| Untracked 
|   2|0x0000000702600000, 0x0000000702800000, 0x0000000702800000|100%| O|  |TAMS 0x0000000702800000, 0x0000000702600000| Untracked 
|   3|0x0000000702800000, 0x0000000702a00000, 0x0000000702a00000|100%| O|  |TAMS 0x0000000702a00000, 0x0000000702800000| Untracked 
|   4|0x0000000702a00000, 0x0000000702c00000, 0x0000000702c00000|100%| O|  |TAMS 0x0000000702c00000, 0x0000000702a00000| Untracked 
|   5|0x0000000702c00000, 0x0000000702e00000, 0x0000000702e00000|100%| O|  |TAMS 0x0000000702c00000, 0x0000000702c00000| Untracked 
|   6|0x0000000702e00000, 0x0000000703000000, 0x0000000703000000|100%| O|  |TAMS 0x0000000703000000, 0x0000000702e00000| Untracked 
|   7|0x0000000703000000, 0x0000000703200000, 0x0000000703200000|100%| O|  |TAMS 0x0000000703200000, 0x0000000703000000| Untracked 
|   8|0x0000000703200000, 0x0000000703400000, 0x0000000703400000|100%| O|  |TAMS 0x0000000703400000, 0x0000000703200000| Untracked 
|   9|0x0000000703400000, 0x0000000703600000, 0x0000000703600000|100%| O|  |TAMS 0x0000000703600000, 0x0000000703400000| Untracked 
|  10|0x0000000703600000, 0x0000000703800000, 0x0000000703800000|100%| O|  |TAMS 0x0000000703600000, 0x0000000703600000| Untracked 
|  11|0x0000000703800000, 0x0000000703a00000, 0x0000000703a00000|100%| O|  |TAMS 0x0000000703800000, 0x0000000703800000| Untracked 
|  12|0x0000000703a00000, 0x0000000703c00000, 0x0000000703c00000|100%| O|  |TAMS 0x0000000703a00000, 0x0000000703a00000| Untracked 
|  13|0x0000000703c00000, 0x0000000703e00000, 0x0000000703e00000|100%| O|  |TAMS 0x0000000703c00000, 0x0000000703c00000| Untracked 
|  14|0x0000000703e00000, 0x0000000704000000, 0x0000000704000000|100%| O|  |TAMS 0x0000000703e00000, 0x0000000703e00000| Untracked 
|  15|0x0000000704000000, 0x00000007041d6400, 0x0000000704200000| 91%| O|  |TAMS 0x0000000704000000, 0x0000000704000000| Untracked 
|  16|0x0000000704200000, 0x0000000704200000, 0x0000000704400000|  0%| F|  |TAMS 0x0000000704200000, 0x0000000704200000| Untracked 
|  17|0x0000000704400000, 0x0000000704400000, 0x0000000704600000|  0%| F|  |TAMS 0x0000000704400000, 0x0000000704400000| Untracked 
|  18|0x0000000704600000, 0x0000000704600000, 0x0000000704800000|  0%| F|  |TAMS 0x0000000704600000, 0x0000000704600000| Untracked 
|  19|0x0000000704800000, 0x0000000704800000, 0x0000000704a00000|  0%| F|  |TAMS 0x0000000704800000, 0x0000000704800000| Untracked 
|  20|0x0000000704a00000, 0x0000000704a00000, 0x0000000704c00000|  0%| F|  |TAMS 0x0000000704a00000, 0x0000000704a00000| Untracked 
|  21|0x0000000704c00000, 0x0000000704c00000, 0x0000000704e00000|  0%| F|  |TAMS 0x0000000704c00000, 0x0000000704c00000| Untracked 
|  22|0x0000000704e00000, 0x0000000704e061c8, 0x0000000705000000|  1%| S|CS|TAMS 0x0000000704e00000, 0x0000000704e00000| Complete 
|  23|0x0000000705000000, 0x0000000705000000, 0x0000000705200000|  0%| F|  |TAMS 0x0000000705000000, 0x0000000705000000| Untracked 
|  24|0x0000000705200000, 0x0000000705200000, 0x0000000705400000|  0%| F|  |TAMS 0x0000000705200000, 0x0000000705200000| Untracked 
|  25|0x0000000705400000, 0x0000000705400000, 0x0000000705600000|  0%| F|  |TAMS 0x0000000705400000, 0x0000000705400000| Untracked 
|  26|0x0000000705600000, 0x0000000705600000, 0x0000000705800000|  0%| F|  |TAMS 0x0000000705600000, 0x0000000705600000| Untracked 
|  27|0x0000000705800000, 0x0000000705800000, 0x0000000705a00000|  0%| F|  |TAMS 0x0000000705800000, 0x0000000705800000| Untracked 
|  28|0x0000000705a00000, 0x0000000705a00000, 0x0000000705c00000|  0%| F|  |TAMS 0x0000000705a00000, 0x0000000705a00000| Untracked 
|  29|0x0000000705c00000, 0x0000000705c00000, 0x0000000705e00000|  0%| F|  |TAMS 0x0000000705c00000, 0x0000000705c00000| Untracked 
|  30|0x0000000705e00000, 0x0000000705e00000, 0x0000000706000000|  0%| F|  |TAMS 0x0000000705e00000, 0x0000000705e00000| Untracked 
|  31|0x0000000706000000, 0x0000000706000000, 0x0000000706200000|  0%| F|  |TAMS 0x0000000706000000, 0x0000000706000000| Untracked 
|  32|0x0000000706200000, 0x000000070633ecf0, 0x0000000706400000| 62%| E|  |TAMS 0x0000000706200000, 0x0000000706200000| Complete 
|  33|0x0000000706400000, 0x0000000706600000, 0x0000000706600000|100%| E|CS|TAMS 0x0000000706400000, 0x0000000706400000| Complete 
|  34|0x0000000706600000, 0x0000000706800000, 0x0000000706800000|100%| E|CS|TAMS 0x0000000706600000, 0x0000000706600000| Complete 
|  35|0x0000000706800000, 0x0000000706a00000, 0x0000000706a00000|100%| E|CS|TAMS 0x0000000706800000, 0x0000000706800000| Complete 
|  36|0x0000000706a00000, 0x0000000706c00000, 0x0000000706c00000|100%| E|CS|TAMS 0x0000000706a00000, 0x0000000706a00000| Complete 
|  37|0x0000000706c00000, 0x0000000706e00000, 0x0000000706e00000|100%| E|CS|TAMS 0x0000000706c00000, 0x0000000706c00000| Complete 
|  38|0x0000000706e00000, 0x0000000707000000, 0x0000000707000000|100%| E|CS|TAMS 0x0000000706e00000, 0x0000000706e00000| Complete 
|  39|0x0000000707000000, 0x0000000707200000, 0x0000000707200000|100%| E|CS|TAMS 0x0000000707000000, 0x0000000707000000| Complete 
|  40|0x0000000707200000, 0x0000000707400000, 0x0000000707400000|100%| E|CS|TAMS 0x0000000707200000, 0x0000000707200000| Complete 
|  41|0x0000000707400000, 0x0000000707600000, 0x0000000707600000|100%| E|CS|TAMS 0x0000000707400000, 0x0000000707400000| Complete 
|  42|0x0000000707600000, 0x0000000707800000, 0x0000000707800000|100%| E|CS|TAMS 0x0000000707600000, 0x0000000707600000| Complete 
|  43|0x0000000707800000, 0x0000000707a00000, 0x0000000707a00000|100%| E|CS|TAMS 0x0000000707800000, 0x0000000707800000| Complete 
|  44|0x0000000707a00000, 0x0000000707c00000, 0x0000000707c00000|100%| E|CS|TAMS 0x0000000707a00000, 0x0000000707a00000| Complete 
|  45|0x0000000707c00000, 0x0000000707e00000, 0x0000000707e00000|100%| E|CS|TAMS 0x0000000707c00000, 0x0000000707c00000| Complete 
| 126|0x0000000711e00000, 0x0000000712000000, 0x0000000712000000|100%| E|CS|TAMS 0x0000000711e00000, 0x0000000711e00000| Complete 

Card table byte_map: [0x000001fcf5b10000,0x000001fcf6300000] _byte_map_base: 0x000001fcf22ff000

Marking Bits (Prev, Next): (CMBitMap*) 0x000001fce33cc600, (CMBitMap*) 0x000001fce33cc5c0
 Prev Bits: [0x000001fcfaa70000, 0x000001fcfe9e8000)
 Next Bits: [0x000001fcf6af0000, 0x000001fcfaa68000)

Polling page: 0x000001fce1320000

Metaspace:

Usage:
  Non-class:     68.99 MB used.
      Class:     10.63 MB used.
       Both:     79.62 MB used.

Virtual space:
  Non-class space:      128.00 MB reserved,      69.31 MB ( 54%) committed,  2 nodes.
      Class space:        1.00 GB reserved,      10.94 MB (  1%) committed,  1 nodes.
             Both:        1.12 GB reserved,      80.25 MB (  7%) committed. 

Chunk freelists:
   Non-Class:  10.67 MB
       Class:  5.04 MB
        Both:  15.72 MB

MaxMetaspaceSize: unlimited
CompressedClassSpaceSize: 1.00 GB
Initial GC threshold: 21.00 MB
Current GC threshold: 98.44 MB
CDS: off
MetaspaceReclaimPolicy: balanced
 - commit_granule_bytes: 65536.
 - commit_granule_words: 8192.
 - virtual_space_node_default_size: 8388608.
 - enlarge_chunks_in_place: 1.
 - new_chunks_are_fully_committed: 0.
 - uncommit_free_chunks: 1.
 - use_allocation_guard: 0.
 - handle_deallocations: 1.


Internal statistics:

num_allocs_failed_limit: 9.
num_arena_births: 790.
num_arena_deaths: 0.
num_vsnodes_births: 3.
num_vsnodes_deaths: 0.
num_space_committed: 1284.
num_space_uncommitted: 0.
num_chunks_returned_to_freelist: 9.
num_chunks_taken_from_freelist: 3527.
num_chunk_merges: 6.
num_chunk_splits: 2573.
num_chunks_enlarged: 2024.
num_inconsistent_stats: 0.

CodeHeap 'non-profiled nmethods': size=120000Kb used=4746Kb max_used=4746Kb free=115253Kb
 bounds [0x000001fcedac0000, 0x000001fcedf70000, 0x000001fcf4ff0000]
CodeHeap 'profiled nmethods': size=120000Kb used=12528Kb max_used=12528Kb free=107471Kb
 bounds [0x000001fce5ff0000, 0x000001fce6c30000, 0x000001fced520000]
CodeHeap 'non-nmethods': size=5760Kb used=1374Kb max_used=1501Kb free=4385Kb
 bounds [0x000001fced520000, 0x000001fced790000, 0x000001fcedac0000]
 total_blobs=7214 nmethods=6504 adapters=621
 compilation: enabled
              stopped_count=0, restarted_count=0
 full_count=0

Compilation events (20 events):
Event: 19565.276 Thread 0x000001fcff52d9f0 nmethod 7281 0x000001fce6c22190 code [0x000001fce6c22420, 0x000001fce6c22da8]
Event: 19565.276 Thread 0x000001fcff52d9f0 7282       3       sun.security.jca.GetInstance$Instance::<init> (15 bytes)
Event: 19565.277 Thread 0x000001fcff52d9f0 nmethod 7282 0x000001fce6c23190 code [0x000001fce6c23340, 0x000001fce6c23578]
Event: 19575.302 Thread 0x000001fcff52d9f0 7283       3       sun.security.provider.DigestBase::<init> (27 bytes)
Event: 19575.304 Thread 0x000001fcff52d9f0 nmethod 7283 0x000001fce6c23610 code [0x000001fce6c237c0, 0x000001fce6c23af8]
Event: 19575.305 Thread 0x000001fcff52d9f0 7284   !   3       java.security.MessageDigest$Delegate::of (84 bytes)
Event: 19575.347 Thread 0x000001fcff52d9f0 nmethod 7284 0x000001fce6c23c10 code [0x000001fce6c23ea0, 0x000001fce6c24d18]
Event: 19575.347 Thread 0x000001fcff52d9f0 7285       3       java.security.MessageDigest$Delegate$CloneableDelegate::<init> (8 bytes)
Event: 19575.347 Thread 0x000001fcff52d9f0 nmethod 7285 0x000001fce6c25190 code [0x000001fce6c25340, 0x000001fce6c256f8]
Event: 19588.453 Thread 0x000001fcff52d9f0 7286       1       java.util.concurrent.ThreadPoolExecutor::getThreadFactory (5 bytes)
Event: 19588.462 Thread 0x000001fcff52d9f0 nmethod 7286 0x000001fcedf62590 code [0x000001fcedf62720, 0x000001fcedf627f8]
Event: 19588.462 Thread 0x000001fcff52d9f0 7287       3       org.h2.command.Parser::readConditionRightHandSide (294 bytes)
Event: 19588.543 Thread 0x000001fcff52d9f0 nmethod 7287 0x000001fce6c25810 code [0x000001fce6c25dc0, 0x000001fce6c28d78]
Event: 19597.264 Thread 0x000001fcff52d9f0 7289       3       sun.security.jca.ProviderList::getService (120 bytes)
Event: 19597.276 Thread 0x000001fcff52d9f0 nmethod 7289 0x000001fce6c29d10 code [0x000001fce6c29fc0, 0x000001fce6c2ae88]
Event: 19597.276 Thread 0x000001fcff52d9f0 7288   !   3       sun.security.jca.GetInstance::getInstance (130 bytes)
Event: 19597.296 Thread 0x000001fcff52d9f0 nmethod 7288 0x000001fce6c2b410 code [0x000001fce6c2b740, 0x000001fce6c2c8d8]
Event: 19602.301 Thread 0x000001fcff52d9f0 7290       3       java.util.concurrent.LinkedBlockingQueue::size (8 bytes)
Event: 19602.317 Thread 0x000001fcff52d9f0 nmethod 7290 0x000001fce6c2cf10 code [0x000001fce6c2d0a0, 0x000001fce6c2d1d8]
Event: 19616.512 Thread 0x000001fcff52d030 7291       4       java.util.concurrent.ConcurrentHashMap$CollectionView::toArray (204 bytes)

GC Heap History (20 events):
Event: 12128.048 GC heap before
{Heap before GC invocations=47 (full 0):
 garbage-first heap   total 96256K, used 34659K [0x0000000702200000, 0x0000000800000000)
  region size 2048K, 2 young (4096K), 1 survivors (2048K)
 Metaspace       used 81447K, committed 82048K, reserved 1179648K
  class space    used 10886K, committed 11200K, reserved 1048576K
}
Event: 12128.054 GC heap after
{Heap after GC invocations=48 (full 0):
 garbage-first heap   total 96256K, used 32613K [0x0000000702200000, 0x0000000800000000)
  region size 2048K, 1 young (2048K), 1 survivors (2048K)
 Metaspace       used 81447K, committed 82048K, reserved 1179648K
  class space    used 10886K, committed 11200K, reserved 1048576K
}
Event: 12214.684 GC heap before
{Heap before GC invocations=48 (full 0):
 garbage-first heap   total 96256K, used 34661K [0x0000000702200000, 0x0000000800000000)
  region size 2048K, 2 young (4096K), 1 survivors (2048K)
 Metaspace       used 81447K, committed 82048K, reserved 1179648K
  class space    used 10886K, committed 11200K, reserved 1048576K
}
Event: 12214.688 GC heap after
{Heap after GC invocations=49 (full 0):
 garbage-first heap   total 96256K, used 32611K [0x0000000702200000, 0x0000000800000000)
  region size 2048K, 1 young (2048K), 1 survivors (2048K)
 Metaspace       used 81447K, committed 82048K, reserved 1179648K
  class space    used 10886K, committed 11200K, reserved 1048576K
}
Event: 12300.163 GC heap before
{Heap before GC invocations=49 (full 0):
 garbage-first heap   total 96256K, used 34659K [0x0000000702200000, 0x0000000800000000)
  region size 2048K, 2 young (4096K), 1 survivors (2048K)
 Metaspace       used 81447K, committed 82048K, reserved 1179648K
  class space    used 10886K, committed 11200K, reserved 1048576K
}
Event: 12300.326 GC heap after
{Heap after GC invocations=50 (full 0):
 garbage-first heap   total 96256K, used 32616K [0x0000000702200000, 0x0000000800000000)
  region size 2048K, 1 young (2048K), 1 survivors (2048K)
 Metaspace       used 81447K, committed 82048K, reserved 1179648K
  class space    used 10886K, committed 11200K, reserved 1048576K
}
Event: 12386.754 GC heap before
{Heap before GC invocations=50 (full 0):
 garbage-first heap   total 96256K, used 34664K [0x0000000702200000, 0x0000000800000000)
  region size 2048K, 2 young (4096K), 1 survivors (2048K)
 Metaspace       used 81447K, committed 82048K, reserved 1179648K
  class space    used 10886K, committed 11200K, reserved 1048576K
}
Event: 12386.880 GC heap after
{Heap after GC invocations=51 (full 0):
 garbage-first heap   total 96256K, used 32612K [0x0000000702200000, 0x0000000800000000)
  region size 2048K, 1 young (2048K), 1 survivors (2048K)
 Metaspace       used 81447K, committed 82048K, reserved 1179648K
  class space    used 10886K, committed 11200K, reserved 1048576K
}
Event: 12467.191 GC heap before
{Heap before GC invocations=51 (full 0):
 garbage-first heap   total 96256K, used 34660K [0x0000000702200000, 0x0000000800000000)
  region size 2048K, 2 young (4096K), 1 survivors (2048K)
 Metaspace       used 81453K, committed 82048K, reserved 1179648K
  class space    used 10886K, committed 11200K, reserved 1048576K
}
Event: 12467.313 GC heap after
{Heap after GC invocations=52 (full 0):
 garbage-first heap   total 96256K, used 32631K [0x0000000702200000, 0x0000000800000000)
  region size 2048K, 1 young (2048K), 1 survivors (2048K)
 Metaspace       used 81453K, committed 82048K, reserved 1179648K
  class space    used 10886K, committed 11200K, reserved 1048576K
}
Event: 12552.268 GC heap before
{Heap before GC invocations=52 (full 0):
 garbage-first heap   total 96256K, used 34679K [0x0000000702200000, 0x0000000800000000)
  region size 2048K, 2 young (4096K), 1 survivors (2048K)
 Metaspace       used 81463K, committed 82048K, reserved 1179648K
  class space    used 10886K, committed 11200K, reserved 1048576K
}
Event: 12552.274 GC heap after
{Heap after GC invocations=53 (full 0):
 garbage-first heap   total 96256K, used 32627K [0x0000000702200000, 0x0000000800000000)
  region size 2048K, 1 young (2048K), 1 survivors (2048K)
 Metaspace       used 81463K, committed 82048K, reserved 1179648K
  class space    used 10886K, committed 11200K, reserved 1048576K
}
Event: 12989.260 GC heap before
{Heap before GC invocations=53 (full 0):
 garbage-first heap   total 96256K, used 42867K [0x0000000702200000, 0x0000000800000000)
  region size 2048K, 6 young (12288K), 1 survivors (2048K)
 Metaspace       used 81463K, committed 82048K, reserved 1179648K
  class space    used 10886K, committed 11200K, reserved 1048576K
}
Event: 12989.268 GC heap after
{Heap after GC invocations=54 (full 0):
 garbage-first heap   total 96256K, used 32627K [0x0000000702200000, 0x0000000800000000)
  region size 2048K, 1 young (2048K), 1 survivors (2048K)
 Metaspace       used 81463K, committed 82048K, reserved 1179648K
  class space    used 10886K, committed 11200K, reserved 1048576K
}
Event: 14404.010 GC heap before
{Heap before GC invocations=54 (full 0):
 garbage-first heap   total 96256K, used 67443K [0x0000000702200000, 0x0000000800000000)
  region size 2048K, 18 young (36864K), 1 survivors (2048K)
 Metaspace       used 81466K, committed 82112K, reserved 1179648K
  class space    used 10886K, committed 11200K, reserved 1048576K
}
Event: 14404.028 GC heap after
{Heap after GC invocations=55 (full 0):
 garbage-first heap   total 96256K, used 32631K [0x0000000702200000, 0x0000000800000000)
  region size 2048K, 1 young (2048K), 1 survivors (2048K)
 Metaspace       used 81466K, committed 82112K, reserved 1179648K
  class space    used 10886K, committed 11200K, reserved 1048576K
}
Event: 16441.047 GC heap before
{Heap before GC invocations=55 (full 0):
 garbage-first heap   total 96256K, used 81783K [0x0000000702200000, 0x0000000800000000)
  region size 2048K, 25 young (51200K), 1 survivors (2048K)
 Metaspace       used 81487K, committed 82176K, reserved 1179648K
  class space    used 10886K, committed 11200K, reserved 1048576K
}
Event: 16441.192 GC heap after
{Heap after GC invocations=56 (full 0):
 garbage-first heap   total 96256K, used 32629K [0x0000000702200000, 0x0000000800000000)
  region size 2048K, 1 young (2048K), 1 survivors (2048K)
 Metaspace       used 81487K, committed 82176K, reserved 1179648K
  class space    used 10886K, committed 11200K, reserved 1048576K
}
Event: 18459.062 GC heap before
{Heap before GC invocations=56 (full 0):
 garbage-first heap   total 96256K, used 81781K [0x0000000702200000, 0x0000000800000000)
  region size 2048K, 25 young (51200K), 1 survivors (2048K)
 Metaspace       used 81507K, committed 82176K, reserved 1179648K
  class space    used 10886K, committed 11200K, reserved 1048576K
}
Event: 18459.078 GC heap after
{Heap after GC invocations=57 (full 0):
 garbage-first heap   total 96256K, used 32625K [0x0000000702200000, 0x0000000800000000)
  region size 2048K, 1 young (2048K), 1 survivors (2048K)
 Metaspace       used 81507K, committed 82176K, reserved 1179648K
  class space    used 10886K, committed 11200K, reserved 1048576K
}

Dll operation events (10 events):
Event: 0.017 Loaded shared library C:\Users\brand\.vscode\extensions\redhat.java-1.28.1-win32-x64\jre\17.0.10-win32-x86_64\bin\java.dll
Event: 0.333 Loaded shared library C:\Users\brand\.vscode\extensions\redhat.java-1.28.1-win32-x64\jre\17.0.10-win32-x86_64\bin\net.dll
Event: 0.338 Loaded shared library C:\Users\brand\.vscode\extensions\redhat.java-1.28.1-win32-x64\jre\17.0.10-win32-x86_64\bin\nio.dll
Event: 0.351 Loaded shared library C:\Users\brand\.vscode\extensions\redhat.java-1.28.1-win32-x64\jre\17.0.10-win32-x86_64\bin\zip.dll
Event: 0.625 Loaded shared library C:\Users\brand\.vscode\extensions\redhat.java-1.28.1-win32-x64\jre\17.0.10-win32-x86_64\bin\jimage.dll
Event: 1.352 Loaded shared library C:\Users\brand\.vscode\extensions\redhat.java-1.28.1-win32-x64\jre\17.0.10-win32-x86_64\bin\management.dll
Event: 1.357 Loaded shared library C:\Users\brand\.vscode\extensions\redhat.java-1.28.1-win32-x64\jre\17.0.10-win32-x86_64\bin\management_ext.dll
Event: 4.163 Loaded shared library C:\Users\brand\.vscode\extensions\redhat.java-1.28.1-win32-x64\jre\17.0.10-win32-x86_64\bin\sunmscapi.dll
Event: 10.243 Loaded shared library C:\Users\brand\.vscode\extensions\redhat.java-1.28.1-win32-x64\jre\17.0.10-win32-x86_64\bin\verify.dll
Event: 17.943 Loaded shared library C:\Users\brand\.vscode\extensions\redhat.java-1.28.1-win32-x64\jre\17.0.10-win32-x86_64\bin\extnet.dll

Deoptimization events (20 events):
Event: 5397.070 Thread 0x000001fc87c08310 Uncommon trap: trap_request=0xffffffbe fr.pc=0x000001fcedf40218 relative=0x0000000000000378
Event: 5397.070 Thread 0x000001fc87c08310 Uncommon trap: reason=profile_predicate action=maybe_recompile pc=0x000001fcedf40218 method=java.util.concurrent.ConcurrentHashMap$Traverser.advance()Ljava/util/concurrent/ConcurrentHashMap$Node; @ 15 c2
Event: 5397.070 Thread 0x000001fc87c08310 DEOPT PACKING pc=0x000001fcedf40218 sp=0x000000dd62ffef40
Event: 5397.103 Thread 0x000001fc87c08310 DEOPT UNPACKING pc=0x000001fced5769a3 sp=0x000000dd62ffec98 mode 2
Event: 5398.078 Thread 0x000001fc87c05070 Uncommon trap: trap_request=0xffffffbe fr.pc=0x000001fcedf40218 relative=0x0000000000000378
Event: 5398.078 Thread 0x000001fc87c05070 Uncommon trap: reason=profile_predicate action=maybe_recompile pc=0x000001fcedf40218 method=java.util.concurrent.ConcurrentHashMap$Traverser.advance()Ljava/util/concurrent/ConcurrentHashMap$Node; @ 15 c2
Event: 5398.078 Thread 0x000001fc87c05070 DEOPT PACKING pc=0x000001fcedf40218 sp=0x000000dd630fef90
Event: 5398.078 Thread 0x000001fc87c05070 DEOPT UNPACKING pc=0x000001fced5769a3 sp=0x000000dd630fece8 mode 2
Event: 5399.059 Thread 0x000001fc87c05070 Uncommon trap: trap_request=0xffffffbe fr.pc=0x000001fcedf40218 relative=0x0000000000000378
Event: 5399.059 Thread 0x000001fc87c05070 Uncommon trap: reason=profile_predicate action=maybe_recompile pc=0x000001fcedf40218 method=java.util.concurrent.ConcurrentHashMap$Traverser.advance()Ljava/util/concurrent/ConcurrentHashMap$Node; @ 15 c2
Event: 5399.059 Thread 0x000001fc87c05070 DEOPT PACKING pc=0x000001fcedf40218 sp=0x000000dd630fef90
Event: 5399.059 Thread 0x000001fc87c05070 DEOPT UNPACKING pc=0x000001fced5769a3 sp=0x000000dd630fece8 mode 2
Event: 5400.057 Thread 0x000001fc87c05070 Uncommon trap: trap_request=0xffffffbe fr.pc=0x000001fcedf40218 relative=0x0000000000000378
Event: 5400.057 Thread 0x000001fc87c05070 Uncommon trap: reason=profile_predicate action=maybe_recompile pc=0x000001fcedf40218 method=java.util.concurrent.ConcurrentHashMap$Traverser.advance()Ljava/util/concurrent/ConcurrentHashMap$Node; @ 15 c2
Event: 5400.057 Thread 0x000001fc87c05070 DEOPT PACKING pc=0x000001fcedf40218 sp=0x000000dd630fef90
Event: 5400.057 Thread 0x000001fc87c05070 DEOPT UNPACKING pc=0x000001fced5769a3 sp=0x000000dd630fece8 mode 2
Event: 5972.784 Thread 0x000001fc87c078f0 Uncommon trap: trap_request=0xffffffde fr.pc=0x000001fcede8ae3c relative=0x00000000000007bc
Event: 5972.788 Thread 0x000001fc87c078f0 Uncommon trap: reason=class_check action=maybe_recompile pc=0x000001fcede8ae3c method=java.util.regex.Pattern$Start.match(Ljava/util/regex/Matcher;ILjava/lang/CharSequence;)Z @ 44 c2
Event: 5972.788 Thread 0x000001fc87c078f0 DEOPT PACKING pc=0x000001fcede8ae3c sp=0x000000dd632f9030
Event: 5972.789 Thread 0x000001fc87c078f0 DEOPT UNPACKING pc=0x000001fced5769a3 sp=0x000000dd632f8f90 mode 2

Classes unloaded (0 events):
No events

Classes redefined (0 events):
No events

Internal exceptions (20 events):
Event: 16.966 Thread 0x000001fc867c77e0 Exception <a 'sun/nio/fs/WindowsException'{0x0000000706d97bc8}> (0x0000000706d97bc8) 
thrown [s\src\hotspot\share\prims\jni.cpp, line 516]
Event: 17.097 Thread 0x000001fc867c77e0 Exception <a 'java/lang/IncompatibleClassChangeError'{0x0000000706904630}: Found class java.lang.Object, but interface was expected> (0x0000000706904630) 
thrown [s\src\hotspot\share\interpreter\linkResolver.cpp, line 826]
Event: 17.385 Thread 0x000001fc867c77e0 Exception <a 'java/lang/NoSuchMethodError'{0x0000000706554908}: 'java.lang.Object java.lang.invoke.DirectMethodHandle$Holder.invokeInterface(java.lang.Object, java.lang.Object, java.lang.Object, java.lang.Object)'> (0x0000000706554908) 
thrown [s\src\hotspot\share\interpreter\linkResolver.cpp, line 759]
Event: 17.501 Thread 0x000001fc867c77e0 Exception <a 'java/lang/NoSuchMethodError'{0x000000070634b2b0}: 'void java.lang.invoke.DirectMethodHandle$Holder.invokeVirtual(java.lang.Object, java.lang.Object, long)'> (0x000000070634b2b0) 
thrown [s\src\hotspot\share\interpreter\linkResolver.cpp, line 759]
Event: 17.669 Thread 0x000001fc867c77e0 Exception <a 'java/lang/NoSuchMethodError'{0x0000000705e982d0}: 'int java.lang.invoke.DirectMethodHandle$Holder.invokeStaticInit(java.lang.Object, java.lang.Object, java.lang.Object, java.lang.Object)'> (0x0000000705e982d0) 
thrown [s\src\hotspot\share\interpreter\linkResolver.cpp, line 759]
Event: 17.716 Thread 0x000001fc867c77e0 Exception <a 'java/lang/IncompatibleClassChangeError'{0x0000000705f5aef8}: Found class java.lang.Object, but interface was expected> (0x0000000705f5aef8) 
thrown [s\src\hotspot\share\interpreter\linkResolver.cpp, line 826]
Event: 17.980 Thread 0x000001fc867c77e0 Exception <a 'java/lang/NoSuchMethodError'{0x00000007058d1a60}: 'java.lang.Object java.lang.invoke.DirectMethodHandle$Holder.newInvokeSpecial(java.lang.Object, java.lang.Object, int, java.lang.Object, java.lang.Object)'> (0x00000007058d1a60) 
thrown [s\src\hotspot\share\interpreter\linkResolver.cpp, line 759]
Event: 17.982 Thread 0x000001fc867c77e0 Exception <a 'java/lang/NoSuchMethodError'{0x0000000705973960}: 'java.lang.Object java.lang.invoke.DirectMethodHandle$Holder.invokeSpecial(java.lang.Object, java.lang.Object, int, java.lang.Object, int, java.lang.Object)'> (0x0000000705973960) 
thrown [s\src\hotspot\share\interpreter\linkResolver.cpp, line 759]
Event: 17.983 Thread 0x000001fc867c77e0 Exception <a 'java/lang/NoSuchMethodError'{0x000000070597ba10}: 'java.lang.Object java.lang.invoke.DirectMethodHandle$Holder.newInvokeSpecial(java.lang.Object, java.lang.Object, int, java.lang.Object, int)'> (0x000000070597ba10) 
thrown [s\src\hotspot\share\interpreter\linkResolver.cpp, line 759]
Event: 17.984 Thread 0x000001fc867c77e0 Exception <a 'java/lang/NoSuchMethodError'{0x000000070597fb10}: 'java.lang.Object java.lang.invoke.DirectMethodHandle$Holder.invokeSpecial(java.lang.Object, java.lang.Object, java.lang.Object, int, java.lang.Object, int)'> (0x000000070597fb10) 
thrown [s\src\hotspot\share\interpreter\linkResolver.cpp, line 759]
Event: 34.695 Thread 0x000001fc87c078f0 Exception <a 'java/lang/NoSuchMethodError'{0x0000000711f72140}: 'java.lang.Object java.lang.invoke.DirectMethodHandle$Holder.invokeSpecial(java.lang.Object, java.lang.Object, java.lang.Object, java.lang.Object, java.lang.Object, long)'> (0x0000000711f72140) 
thrown [s\src\hotspot\share\interpreter\linkResolver.cpp, line 759]
Event: 34.696 Thread 0x000001fc87c078f0 Exception <a 'java/lang/NoSuchMethodError'{0x0000000711f75b80}: 'java.lang.Object java.lang.invoke.Invokers$Holder.linkToTargetMethod(java.lang.Object, java.lang.Object, java.lang.Object, long, java.lang.Object)'> (0x0000000711f75b80) 
thrown [s\src\hotspot\share\interpreter\linkResolver.cpp, line 759]
Event: 34.894 Thread 0x000001fc87c078f0 Exception <a 'java/lang/NoSuchMethodError'{0x0000000707de6188}: 'java.lang.Object java.lang.invoke.DirectMethodHandle$Holder.invokeStatic(java.lang.Object, int, int)'> (0x0000000707de6188) 
thrown [s\src\hotspot\share\interpreter\linkResolver.cpp, line 759]
Event: 38.355 Thread 0x000001fc892dced0 Exception <a 'sun/nio/fs/WindowsException'{0x00000007078c6538}> (0x00000007078c6538) 
thrown [s\src\hotspot\share\prims\jni.cpp, line 516]
Event: 226.585 Thread 0x000001fc87c078f0 Exception <a 'java/lang/NoSuchMethodError'{0x0000000705fbc708}: 'void java.lang.invoke.DirectMethodHandle$Holder.invokeSpecialIFC(java.lang.Object, java.lang.Object, int, java.lang.Object, java.lang.Object, java.lang.Object, java.lang.Object)'> (0x0000000705fbc708) 
thrown [s\src\hotspot\share\interpreter\linkResolver.cpp, line 759]
Event: 227.047 Thread 0x000001fc87c078f0 Exception <a 'java/lang/NoSuchMethodError'{0x0000000705b7e250}: 'int java.lang.invoke.DirectMethodHandle$Holder.invokeStatic(java.lang.Object, java.lang.Object, int, int)'> (0x0000000705b7e250) 
thrown [s\src\hotspot\share\interpreter\linkResolver.cpp, line 759]
Event: 5397.060 Thread 0x000001fc87c08310 Implicit null exception at 0x000001fcedf3ff35 to 0x000001fcedf401fc
Event: 5398.061 Thread 0x000001fc87c05070 Implicit null exception at 0x000001fcedf3ff35 to 0x000001fcedf401fc
Event: 5399.059 Thread 0x000001fc87c05070 Implicit null exception at 0x000001fcedf3ff35 to 0x000001fcedf401fc
Event: 5400.057 Thread 0x000001fc87c05070 Implicit null exception at 0x000001fcedf3ff35 to 0x000001fcedf401fc

VM Operations (20 events):
Event: 15984.460 Executing VM operation: Cleanup
Event: 15984.492 Executing VM operation: Cleanup done
Event: 16028.896 Executing VM operation: Cleanup
Event: 16028.896 Executing VM operation: Cleanup done
Event: 16032.930 Executing VM operation: Cleanup
Event: 16032.930 Executing VM operation: Cleanup done
Event: 16051.085 Executing VM operation: Cleanup
Event: 16051.086 Executing VM operation: Cleanup done
Event: 16441.041 Executing VM operation: G1CollectForAllocation
Event: 16441.193 Executing VM operation: G1CollectForAllocation done
Event: 17739.849 Executing VM operation: Cleanup
Event: 17739.850 Executing VM operation: Cleanup done
Event: 17748.915 Executing VM operation: Cleanup
Event: 17748.931 Executing VM operation: Cleanup done
Event: 17770.120 Executing VM operation: Cleanup
Event: 17770.120 Executing VM operation: Cleanup done
Event: 17865.527 Executing VM operation: HandshakeAllThreads
Event: 17865.527 Executing VM operation: HandshakeAllThreads done
Event: 18459.062 Executing VM operation: G1CollectForAllocation
Event: 18459.078 Executing VM operation: G1CollectForAllocation done

Events (20 events):
Event: 19554.024 Thread 0x000001fc892dbfa0 Thread added: 0x000001fc892dbfa0
Event: 19554.025 Thread 0x000001fc892e2f00 Thread added: 0x000001fc892e2f00
Event: 19559.032 Thread 0x000001fc892dbfa0 Thread exited: 0x000001fc892dbfa0
Event: 19559.063 Thread 0x000001fc892e2f00 Thread exited: 0x000001fc892e2f00
Event: 19565.217 Thread 0x000001fc892e0b90 Thread added: 0x000001fc892e0b90
Event: 19565.218 Thread 0x000001fc892e2f00 Thread added: 0x000001fc892e2f00
Event: 19570.234 Thread 0x000001fc892e0b90 Thread exited: 0x000001fc892e0b90
Event: 19570.256 Thread 0x000001fc892e2f00 Thread exited: 0x000001fc892e2f00
Event: 19573.666 Thread 0x000001fc892e0b90 Thread added: 0x000001fc892e0b90
Event: 19573.667 Thread 0x000001fc892e1fd0 Thread added: 0x000001fc892e1fd0
Event: 19580.304 Thread 0x000001fc892e0b90 Thread exited: 0x000001fc892e0b90
Event: 19580.319 Thread 0x000001fc892e1fd0 Thread exited: 0x000001fc892e1fd0
Event: 19588.448 Thread 0x000001fc892e1fd0 Thread added: 0x000001fc892e1fd0
Event: 19588.449 Thread 0x000001fc892df240 Thread added: 0x000001fc892df240
Event: 19593.451 Thread 0x000001fc892e1fd0 Thread exited: 0x000001fc892e1fd0
Event: 19593.482 Thread 0x000001fc892df240 Thread exited: 0x000001fc892df240
Event: 19597.263 Thread 0x000001fc892e2f00 Thread added: 0x000001fc892e2f00
Event: 19597.263 Thread 0x000001fc892dd3e0 Thread added: 0x000001fc892dd3e0
Event: 19602.270 Thread 0x000001fc892e2f00 Thread exited: 0x000001fc892e2f00
Event: 19602.301 Thread 0x000001fc892dd3e0 Thread exited: 0x000001fc892dd3e0


Dynamic libraries:
0x00007ff74ac90000 - 0x00007ff74ac9e000 	C:\Users\brand\.vscode\extensions\redhat.java-1.28.1-win32-x64\jre\17.0.10-win32-x86_64\bin\java.exe
0x00007fffa1c70000 - 0x00007fffa1e68000 	C:\WINDOWS\SYSTEM32\ntdll.dll
0x00007fff7c6f0000 - 0x00007fff7c709000 	C:\Program Files\Avast Software\Avast\aswhook.dll
0x00007fffa03d0000 - 0x00007fffa048d000 	C:\WINDOWS\System32\KERNEL32.DLL
0x00007fff9f4f0000 - 0x00007fff9f7e6000 	C:\WINDOWS\System32\KERNELBASE.dll
0x00007fff9f930000 - 0x00007fff9fa30000 	C:\WINDOWS\System32\ucrtbase.dll
0x00007fff90a60000 - 0x00007fff90a7b000 	C:\Users\brand\.vscode\extensions\redhat.java-1.28.1-win32-x64\jre\17.0.10-win32-x86_64\bin\VCRUNTIME140.dll
0x00007fff90d30000 - 0x00007fff90d47000 	C:\Users\brand\.vscode\extensions\redhat.java-1.28.1-win32-x64\jre\17.0.10-win32-x86_64\bin\jli.dll
0x00007fffa15d0000 - 0x00007fffa176e000 	C:\WINDOWS\System32\USER32.dll
0x00007fff9f870000 - 0x00007fff9f892000 	C:\WINDOWS\System32\win32u.dll
0x00007fff7c860000 - 0x00007fff7cafa000 	C:\WINDOWS\WinSxS\amd64_microsoft.windows.common-controls_6595b64144ccf1df_6.0.19041.3636_none_60b6a03d71f818d5\COMCTL32.dll
0x00007fffa1230000 - 0x00007fffa125b000 	C:\WINDOWS\System32\GDI32.dll
0x00007fffa1390000 - 0x00007fffa142e000 	C:\WINDOWS\System32\msvcrt.dll
0x00007fff9f320000 - 0x00007fff9f437000 	C:\WINDOWS\System32\gdi32full.dll
0x00007fff9fc00000 - 0x00007fff9fc9d000 	C:\WINDOWS\System32\msvcp_win.dll
0x00007fff9ff10000 - 0x00007fff9ff42000 	C:\WINDOWS\System32\IMM32.DLL
0x00007fff8fc70000 - 0x00007fff8fc7c000 	C:\Users\brand\.vscode\extensions\redhat.java-1.28.1-win32-x64\jre\17.0.10-win32-x86_64\bin\vcruntime140_1.dll
0x00007fff4d4b0000 - 0x00007fff4d53d000 	C:\Users\brand\.vscode\extensions\redhat.java-1.28.1-win32-x64\jre\17.0.10-win32-x86_64\bin\msvcp140.dll
0x00007fff220c0000 - 0x00007fff22d22000 	C:\Users\brand\.vscode\extensions\redhat.java-1.28.1-win32-x64\jre\17.0.10-win32-x86_64\bin\server\jvm.dll
0x00007fffa1970000 - 0x00007fffa1a20000 	C:\WINDOWS\System32\ADVAPI32.dll
0x00007fffa14c0000 - 0x00007fffa1560000 	C:\WINDOWS\System32\sechost.dll
0x00007fff9fca0000 - 0x00007fff9fdc5000 	C:\WINDOWS\System32\RPCRT4.dll
0x00007fff9f840000 - 0x00007fff9f867000 	C:\WINDOWS\System32\bcrypt.dll
0x00007fff84200000 - 0x00007fff84209000 	C:\WINDOWS\SYSTEM32\WSOCK32.dll
0x00007fff9e890000 - 0x00007fff9e8db000 	C:\WINDOWS\SYSTEM32\POWRPROF.dll
0x00007fff7cc30000 - 0x00007fff7cc57000 	C:\WINDOWS\SYSTEM32\WINMM.dll
0x00007fffa1560000 - 0x00007fffa15cb000 	C:\WINDOWS\System32\WS2_32.dll
0x00007fff98850000 - 0x00007fff9885a000 	C:\WINDOWS\SYSTEM32\VERSION.dll
0x00007fff9e700000 - 0x00007fff9e712000 	C:\WINDOWS\SYSTEM32\UMPDC.dll
0x00007fff9db20000 - 0x00007fff9db32000 	C:\WINDOWS\SYSTEM32\kernel.appcore.dll
0x00007fff8fb50000 - 0x00007fff8fb5a000 	C:\Users\brand\.vscode\extensions\redhat.java-1.28.1-win32-x64\jre\17.0.10-win32-x86_64\bin\jimage.dll
0x00007fff9d070000 - 0x00007fff9d254000 	C:\WINDOWS\SYSTEM32\DBGHELP.DLL
0x00007fff913c0000 - 0x00007fff913f4000 	C:\WINDOWS\SYSTEM32\dbgcore.DLL
0x00007fff9f8a0000 - 0x00007fff9f922000 	C:\WINDOWS\System32\bcryptPrimitives.dll
0x00007fff5e3a0000 - 0x00007fff5e3c5000 	C:\Users\brand\.vscode\extensions\redhat.java-1.28.1-win32-x64\jre\17.0.10-win32-x86_64\bin\java.dll
0x00007fff8ea40000 - 0x00007fff8ea58000 	C:\Users\brand\.vscode\extensions\redhat.java-1.28.1-win32-x64\jre\17.0.10-win32-x86_64\bin\zip.dll
0x00007fffa05d0000 - 0x00007fffa0d3b000 	C:\WINDOWS\System32\SHELL32.dll
0x00007fff9d370000 - 0x00007fff9db0e000 	C:\WINDOWS\SYSTEM32\windows.storage.dll
0x00007fffa0e10000 - 0x00007fffa1163000 	C:\WINDOWS\System32\combase.dll
0x00007fff9ed50000 - 0x00007fff9ed7e000 	C:\WINDOWS\SYSTEM32\Wldp.dll
0x00007fffa0d40000 - 0x00007fffa0e0d000 	C:\WINDOWS\System32\OLEAUT32.dll
0x00007fffa0510000 - 0x00007fffa05bd000 	C:\WINDOWS\System32\SHCORE.dll
0x00007fffa1170000 - 0x00007fffa11c5000 	C:\WINDOWS\System32\shlwapi.dll
0x00007fff9f250000 - 0x00007fff9f275000 	C:\WINDOWS\SYSTEM32\profapi.dll
0x00007fff6a450000 - 0x00007fff6a469000 	C:\Users\brand\.vscode\extensions\redhat.java-1.28.1-win32-x64\jre\17.0.10-win32-x86_64\bin\net.dll
0x00007fff96320000 - 0x00007fff9642a000 	C:\WINDOWS\SYSTEM32\WINHTTP.dll
0x00007fff9ea60000 - 0x00007fff9eaca000 	C:\WINDOWS\system32\mswsock.dll
0x00007fff64f50000 - 0x00007fff64f66000 	C:\Users\brand\.vscode\extensions\redhat.java-1.28.1-win32-x64\jre\17.0.10-win32-x86_64\bin\nio.dll
0x00007fff99b30000 - 0x00007fff99b39000 	C:\Users\brand\.vscode\extensions\redhat.java-1.28.1-win32-x64\jre\17.0.10-win32-x86_64\bin\management.dll
0x00007fff98fc0000 - 0x00007fff98fcb000 	C:\Users\brand\.vscode\extensions\redhat.java-1.28.1-win32-x64\jre\17.0.10-win32-x86_64\bin\management_ext.dll
0x00007fff9fdd0000 - 0x00007fff9fdd8000 	C:\WINDOWS\System32\PSAPI.DLL
0x00007fff99b10000 - 0x00007fff99b1e000 	C:\Users\brand\.vscode\extensions\redhat.java-1.28.1-win32-x64\jre\17.0.10-win32-x86_64\bin\sunmscapi.dll
0x00007fff9fa30000 - 0x00007fff9fb8d000 	C:\WINDOWS\System32\CRYPT32.dll
0x00007fff9edc0000 - 0x00007fff9ede8000 	C:\WINDOWS\SYSTEM32\ncrypt.dll
0x00007fff9ed80000 - 0x00007fff9edbb000 	C:\WINDOWS\SYSTEM32\NTASN1.dll
0x00007fff9ec80000 - 0x00007fff9ec98000 	C:\WINDOWS\SYSTEM32\CRYPTSP.dll
0x00007fff9e330000 - 0x00007fff9e364000 	C:\WINDOWS\system32\rsaenh.dll
0x00007fff9f1d0000 - 0x00007fff9f1fe000 	C:\WINDOWS\SYSTEM32\USERENV.dll
0x00007fff9eca0000 - 0x00007fff9ecac000 	C:\WINDOWS\SYSTEM32\CRYPTBASE.dll
0x00007fff9e720000 - 0x00007fff9e75b000 	C:\WINDOWS\SYSTEM32\IPHLPAPI.DLL
0x00007fffa05c0000 - 0x00007fffa05c8000 	C:\WINDOWS\System32\NSI.dll
0x00007fff96fb0000 - 0x00007fff96fc7000 	C:\WINDOWS\SYSTEM32\dhcpcsvc6.DLL
0x00007fff97320000 - 0x00007fff9733d000 	C:\WINDOWS\SYSTEM32\dhcpcsvc.DLL
0x00007fff9e770000 - 0x00007fff9e83b000 	C:\WINDOWS\SYSTEM32\DNSAPI.dll
0x00007fff8f0b0000 - 0x00007fff8f0c0000 	C:\Users\brand\.vscode\extensions\redhat.java-1.28.1-win32-x64\jre\17.0.10-win32-x86_64\bin\verify.dll
0x00007fff99150000 - 0x00007fff99159000 	C:\Users\brand\.vscode\extensions\redhat.java-1.28.1-win32-x64\jre\17.0.10-win32-x86_64\bin\extnet.dll
0x00007fff70450000 - 0x00007fff70457000 	C:\WINDOWS\system32\wshunix.dll
0x00007fff6cad0000 - 0x00007fff6cae7000 	C:\WINDOWS\system32\napinsp.dll
0x00007fff6cab0000 - 0x00007fff6cacb000 	C:\WINDOWS\system32\pnrpnsp.dll
0x00007fff9a090000 - 0x00007fff9a0a5000 	C:\WINDOWS\system32\wshbth.dll
0x00007fff98800000 - 0x00007fff9881d000 	C:\WINDOWS\system32\NLAapi.dll
0x00007fff6ca90000 - 0x00007fff6caa2000 	C:\WINDOWS\System32\winrnr.dll
0x00007fff97100000 - 0x00007fff9710a000 	C:\Windows\System32\rasadhlp.dll
0x00007fff95160000 - 0x00007fff951e0000 	C:\WINDOWS\System32\fwpuclnt.dll

dbghelp: loaded successfully - version: 4.0.5 - missing functions: none
symbol engine: initialized successfully - sym options: 0x614 - pdb path: .;C:\Users\brand\.vscode\extensions\redhat.java-1.28.1-win32-x64\jre\17.0.10-win32-x86_64\bin;C:\WINDOWS\SYSTEM32;C:\Program Files\Avast Software\Avast;C:\WINDOWS\WinSxS\amd64_microsoft.windows.common-controls_6595b64144ccf1df_6.0.19041.3636_none_60b6a03d71f818d5;C:\Users\brand\.vscode\extensions\redhat.java-1.28.1-win32-x64\jre\17.0.10-win32-x86_64\bin\server

VM Arguments:
jvm_args: -XX:+ShowCodeDetailsInExceptionMessages 
java_command: com.bits.bits.Application
java_class_path (initial): C:\Users\brand\Documents\4bits-backend\target\classes;C:\Users\brand\.m2\repository\org\springframework\boot\spring-boot-starter-web\3.2.3\spring-boot-starter-web-3.2.3.jar;C:\Users\brand\.m2\repository\org\springframework\boot\spring-boot-starter\3.2.3\spring-boot-starter-3.2.3.jar;C:\Users\brand\.m2\repository\org\springframework\boot\spring-boot-starter-logging\3.2.3\spring-boot-starter-logging-3.2.3.jar;C:\Users\brand\.m2\repository\ch\qos\logback\logback-classic\1.4.14\logback-classic-1.4.14.jar;C:\Users\brand\.m2\repository\ch\qos\logback\logback-core\1.4.14\logback-core-1.4.14.jar;C:\Users\brand\.m2\repository\org\apache\logging\log4j\log4j-to-slf4j\2.21.1\log4j-to-slf4j-2.21.1.jar;C:\Users\brand\.m2\repository\org\apache\logging\log4j\log4j-api\2.21.1\log4j-api-2.21.1.jar;C:\Users\brand\.m2\repository\org\slf4j\jul-to-slf4j\2.0.12\jul-to-slf4j-2.0.12.jar;C:\Users\brand\.m2\repository\jakarta\annotation\jakarta.annotation-api\2.1.1\jakarta.annotation-api-2.1.1.jar;C:\Users\brand\.m2\repository\org\yaml\snakeyaml\2.2\snakeyaml-2.2.jar;C:\Users\brand\.m2\repository\org\springframework\boot\spring-boot-starter-json\3.2.3\spring-boot-starter-json-3.2.3.jar;C:\Users\brand\.m2\repository\com\fasterxml\jackson\core\jackson-databind\2.15.4\jackson-databind-2.15.4.jar;C:\Users\brand\.m2\repository\com\fasterxml\jackson\core\jackson-annotations\2.15.4\jackson-annotations-2.15.4.jar;C:\Users\brand\.m2\repository\com\fasterxml\jackson\core\jackson-core\2.15.4\jackson-core-2.15.4.jar;C:\Users\brand\.m2\repository\com\fasterxml\jackson\datatype\jackson-datatype-jdk8\2.15.4\jackson-datatype-jdk8-2.15.4.jar;C:\Users\brand\.m2\repository\com\fasterxml\jackson\datatype\jackson-datatype-jsr310\2.15.4\jackson-datatype-jsr310-2.15.4.jar;C:\Users\brand\.m2\repository\com\fasterxml\jackson\module\jackson-module-parameter-names\2.15.4\jackson-module-parameter-names-2.15.4.jar;C:\Users\brand\.m2\repository\org\springframework\boot\spring-boot-starter-tomc
Launcher Type: SUN_STANDARD

[Global flags]
     intx CICompilerCount                          = 4                                         {product} {ergonomic}
     uint ConcGCThreads                            = 2                                         {product} {ergonomic}
     uint G1ConcRefinementThreads                  = 8                                         {product} {ergonomic}
   size_t G1HeapRegionSize                         = 2097152                                   {product} {ergonomic}
    uintx GCDrainStackTargetSize                   = 64                                        {product} {ergonomic}
   size_t InitialHeapSize                          = 266338304                                 {product} {ergonomic}
   size_t MarkStackSize                            = 4194304                                   {product} {ergonomic}
   size_t MaxHeapSize                              = 4259315712                                {product} {ergonomic}
   size_t MaxNewSize                               = 2554331136                                {product} {ergonomic}
   size_t MinHeapDeltaBytes                        = 2097152                                   {product} {ergonomic}
   size_t MinHeapSize                              = 8388608                                   {product} {ergonomic}
    uintx NonNMethodCodeHeapSize                   = 5839372                                {pd product} {ergonomic}
    uintx NonProfiledCodeHeapSize                  = 122909434                              {pd product} {ergonomic}
    uintx ProfiledCodeHeapSize                     = 122909434                              {pd product} {ergonomic}
    uintx ReservedCodeCacheSize                    = 251658240                              {pd product} {ergonomic}
     bool SegmentedCodeCache                       = true                                      {product} {ergonomic}
     bool ShowCodeDetailsInExceptionMessages       = true                                   {manageable} {command line}
   size_t SoftMaxHeapSize                          = 4259315712                             {manageable} {ergonomic}
     bool UseCompressedClassPointers               = true                           {product lp64_product} {ergonomic}
     bool UseCompressedOops                        = true                           {product lp64_product} {ergonomic}
     bool UseG1GC                                  = true                                      {product} {ergonomic}
     bool UseLargePagesIndividualAllocation        = false                                  {pd product} {ergonomic}

Logging:
Log output configuration:
 #0: stdout all=warning uptime,level,tags
 #1: stderr all=off uptime,level,tags

Environment Variables:
JAVA_HOME=C:\Program Files\Java\zulu11.50.19-ca-jdk11.0.12-win_x64
PATH=C:\Program Files\Common Files\Oracle\Java\javapath;C:\Users\brand\AppData\Local\Pub\Cache\bin;C:\Program Files\nodejs\;C:\Users\brand\AppData\Local\Microsoft\WindowsApps;C:\Users\brand\AppData\Local\Programs\Microsoft VS Code\bin;C:\scr\flutter\bin;C:\Users\brand\AppData\Local\Pub\Cache\bin;C:\Users\brand\AppData\Roaming\npm
USERNAME=brand
LANG=en_US.UTF-8
OS=Windows_NT
PROCESSOR_IDENTIFIER=Intel64 Family 6 Model 142 Stepping 12, GenuineIntel
TMP=C:\Users\brand\AppData\Local\Temp
TEMP=C:\Users\brand\AppData\Local\Temp



Periodic native trim disabled


---------------  S Y S T E M  ---------------

OS:
 Windows 10 , 64 bit Build 19041 (10.0.19041.3636)
OS uptime: 1 days 2:00 hours
Hyper-V role detected

CPU: total 8 (initial active 8) (4 cores per cpu, 2 threads per core) family 6 model 142 stepping 12 microcode 0xf8, cx8, cmov, fxsr, ht, mmx, 3dnowpref, sse, sse2, sse3, ssse3, sse4.1, sse4.2, popcnt, lzcnt, tsc, tscinvbit, avx, avx2, aes, erms, clmul, bmi1, bmi2, adx, fma, vzeroupper, clflush, clflushopt, hv
Processor Information for all 8 processors :
  Max Mhz: 1992, Current Mhz: 1494, Mhz Limit: 1792

Memory: 4k page, system-wide physical 16242M (646M free)
TotalPageFile size 37471M (AvailPageFile size 1M)
current process WorkingSet (physical memory assigned to process): 31M, peak: 316M
current process commit charge ("private bytes"): 304M, peak: 383M

vm_info: OpenJDK 64-Bit Server VM (17.0.10+7) for windows-amd64 JRE (17.0.10+7), built on Jan 16 2024 23:25:11 by "admin" with MS VC++ 16.10 / 16.11 (VS2019)

END.
